

Processing ApplicationController#index (for 127.0.0.1 at 2010-02-12 11:08:35) [GET]

ActionController::RoutingError (No route matches "/images/rails.png" with {:method=>:get}):
  c:/ruby/lib/ruby/1.8/webrick/httpserver.rb:104:in `service'
  c:/ruby/lib/ruby/1.8/webrick/httpserver.rb:65:in `run'
  c:/ruby/lib/ruby/1.8/webrick/server.rb:173:in `start_thread'
  c:/ruby/lib/ruby/1.8/webrick/server.rb:162:in `start'
  c:/ruby/lib/ruby/1.8/webrick/server.rb:162:in `start_thread'
  c:/ruby/lib/ruby/1.8/webrick/server.rb:95:in `start'
  c:/ruby/lib/ruby/1.8/webrick/server.rb:92:in `each'
  c:/ruby/lib/ruby/1.8/webrick/server.rb:92:in `start'
  c:/ruby/lib/ruby/1.8/webrick/server.rb:23:in `start'
  c:/ruby/lib/ruby/1.8/webrick/server.rb:82:in `start'

Rendering rescues/layout (not_found)


Processing HomeController#index (for 127.0.0.1 at 2010-02-12 11:08:59) [GET]
Rendering home/index
Completed in 666ms (View: 660, DB: 0) | 200 OK [http://localhost/]


Processing SearchController#get_context (for 127.0.0.1 at 2010-02-12 11:09:02) [GET]
  Parameters: {"commit"=>"Search", "word"=>"yay"}

ActionView::MissingTemplate (Missing template search/get_context.erb in view path app/views):
  app/controllers/search_controller.rb:5:in `get_context'
  c:/ruby/lib/ruby/1.8/webrick/httpserver.rb:104:in `service'
  c:/ruby/lib/ruby/1.8/webrick/httpserver.rb:65:in `run'
  c:/ruby/lib/ruby/1.8/webrick/server.rb:173:in `start_thread'
  c:/ruby/lib/ruby/1.8/webrick/server.rb:162:in `start'
  c:/ruby/lib/ruby/1.8/webrick/server.rb:162:in `start_thread'
  c:/ruby/lib/ruby/1.8/webrick/server.rb:95:in `start'
  c:/ruby/lib/ruby/1.8/webrick/server.rb:92:in `each'
  c:/ruby/lib/ruby/1.8/webrick/server.rb:92:in `start'
  c:/ruby/lib/ruby/1.8/webrick/server.rb:23:in `start'
  c:/ruby/lib/ruby/1.8/webrick/server.rb:82:in `start'

Rendering rescues/layout (internal_server_error)


Processing SearchController#get_context (for 127.0.0.1 at 2010-02-12 11:10:27) [GET]
  Parameters: {"commit"=>"Search", "word"=>"yay"}

ActionView::MissingTemplate (Missing template search/index;.erb in view path app/views):
  app/controllers/search_controller.rb:5:in `get_context'
  c:/ruby/lib/ruby/1.8/webrick/httpserver.rb:104:in `service'
  c:/ruby/lib/ruby/1.8/webrick/httpserver.rb:65:in `run'
  c:/ruby/lib/ruby/1.8/webrick/server.rb:173:in `start_thread'
  c:/ruby/lib/ruby/1.8/webrick/server.rb:162:in `start'
  c:/ruby/lib/ruby/1.8/webrick/server.rb:162:in `start_thread'
  c:/ruby/lib/ruby/1.8/webrick/server.rb:95:in `start'
  c:/ruby/lib/ruby/1.8/webrick/server.rb:92:in `each'
  c:/ruby/lib/ruby/1.8/webrick/server.rb:92:in `start'
  c:/ruby/lib/ruby/1.8/webrick/server.rb:23:in `start'
  c:/ruby/lib/ruby/1.8/webrick/server.rb:82:in `start'

Rendering rescues/layout (internal_server_error)


Processing HomeController#index (for 127.0.0.1 at 2010-02-12 11:10:36) [GET]
Rendering home/index
Completed in 16ms (View: 11, DB: 0) | 200 OK [http://localhost/]


Processing SearchController#get_context (for 127.0.0.1 at 2010-02-12 11:10:37) [GET]
  Parameters: {"commit"=>"Search", "word"=>""}

ActionView::MissingTemplate (Missing template search/index.erb in view path app/views):
  app/controllers/search_controller.rb:5:in `get_context'
  c:/ruby/lib/ruby/1.8/webrick/httpserver.rb:104:in `service'
  c:/ruby/lib/ruby/1.8/webrick/httpserver.rb:65:in `run'
  c:/ruby/lib/ruby/1.8/webrick/server.rb:173:in `start_thread'
  c:/ruby/lib/ruby/1.8/webrick/server.rb:162:in `start'
  c:/ruby/lib/ruby/1.8/webrick/server.rb:162:in `start_thread'
  c:/ruby/lib/ruby/1.8/webrick/server.rb:95:in `start'
  c:/ruby/lib/ruby/1.8/webrick/server.rb:92:in `each'
  c:/ruby/lib/ruby/1.8/webrick/server.rb:92:in `start'
  c:/ruby/lib/ruby/1.8/webrick/server.rb:23:in `start'
  c:/ruby/lib/ruby/1.8/webrick/server.rb:82:in `start'

Rendering rescues/layout (internal_server_error)


Processing SearchController#context (for 127.0.0.1 at 2010-02-12 11:11:52) [GET]
  Parameters: {"commit"=>"Search", "word"=>"yay"}
Rendering search/context
Completed in 35ms (View: 30, DB: 0) | 200 OK [http://localhost/search?word=yay&commit=Search]


Processing SearchController#context (for 127.0.0.1 at 2010-02-12 11:12:54) [GET]
  Parameters: {"commit"=>"Search", "word"=>"yay"}
Rendering search/context
Completed in 18ms (View: 13, DB: 0) | 200 OK [http://localhost/search?word=yay&commit=Search]


Processing HomeController#index (for 127.0.0.1 at 2010-02-12 11:14:39) [GET]
Rendering home/index
Completed in 9ms (View: 4, DB: 0) | 200 OK [http://localhost/]


Processing SearchController#context (for 127.0.0.1 at 2010-02-12 11:14:40) [GET]
  Parameters: {"commit"=>"Search", "word"=>"yay"}
Rendering search/context
Completed in 12ms (View: 2, DB: 0) | 200 OK [http://localhost/search?word=yay&commit=Search]


Processing SearchController#context (for 127.0.0.1 at 2010-02-12 11:14:58) [GET]
  Parameters: {"commit"=>"Search", "word"=>"yay"}
Rendering search/context
Completed in 29ms (View: 24, DB: 0) | 200 OK [http://localhost/search?word=yay&commit=Search]


Processing HomeController#index (for 127.0.0.1 at 2010-02-12 11:14:58) [GET]
Rendering home/index
Completed in 8ms (View: 3, DB: 0) | 200 OK [http://localhost/]


Processing SearchController#context (for 127.0.0.1 at 2010-02-12 11:15:01) [GET]
  Parameters: {"commit"=>"Search", "word"=>"yay"}
Rendering search/context
Completed in 11ms (View: 5, DB: 0) | 200 OK [http://localhost/search?word=yay&commit=Search]


Processing SearchController#context (for 127.0.0.1 at 2010-02-12 11:15:11) [GET]
  Parameters: {"commit"=>"Search", "word"=>"yay"}
Rendering search/context
Completed in 35ms (View: 20, DB: 0) | 200 OK [http://localhost/search?word=yay&commit=Search]


Processing SearchController#context (for 127.0.0.1 at 2010-02-12 11:18:23) [GET]
  Parameters: {"commit"=>"Search", "word"=>"yay"}
Rendering template within layouts/application
Rendering search/context
Completed in 10734ms (View: 10730, DB: 0) | 200 OK [http://localhost/search?word=yay&commit=Search]
  [4;36;1mSQL (0.0ms)[0m   [0;1m SELECT name
 FROM sqlite_master
 WHERE type = 'table' AND NOT name = 'sqlite_sequence'
[0m
  [4;35;1mSQL (0.0ms)[0m   [0mselect sqlite_version(*)[0m
  [4;36;1mSQL (222.0ms)[0m   [0;1mCREATE TABLE "schema_migrations" ("version" varchar(255) NOT NULL) [0m
  [4;35;1mSQL (261.0ms)[0m   [0mCREATE UNIQUE INDEX "unique_schema_migrations" ON "schema_migrations" ("version")[0m
  [4;36;1mSQL (1.0ms)[0m   [0;1m SELECT name
 FROM sqlite_master
 WHERE type = 'table' AND NOT name = 'sqlite_sequence'
[0m
  [4;35;1mSQL (0.0ms)[0m   [0mSELECT version FROM schema_migrations[0m
Migrating to CreateUsers (20100212183852)
  [4;36;1mSQL (0.0ms)[0m   [0;1m SELECT name
 FROM sqlite_master
 WHERE type = 'table' AND NOT name = 'sqlite_sequence'
[0m
  [4;35;1mSQL (1.0ms)[0m   [0mCREATE TABLE "users" ("id" INTEGER PRIMARY KEY AUTOINCREMENT NOT NULL, "login" varchar(40), "name" varchar(100) DEFAULT '', "email" varchar(100), "crypted_password" varchar(40), "salt" varchar(40), "created_at" datetime, "updated_at" datetime, "remember_token" varchar(40), "remember_token_expires_at" datetime, "activation_code" varchar(40), "activated_at" datetime) [0m
  [4;36;1mSQL (2.0ms)[0m   [0;1mCREATE UNIQUE INDEX "index_users_on_login" ON "users" ("login")[0m
  [4;35;1mSQL (0.0ms)[0m   [0mINSERT INTO schema_migrations (version) VALUES ('20100212183852')[0m
Migrating to CreateWords (20100212184717)
  [4;36;1mSQL (5.0ms)[0m   [0;1mCREATE TABLE "words" ("id" INTEGER PRIMARY KEY AUTOINCREMENT NOT NULL, "created_at" datetime, "updated_at" datetime) [0m
  [4;35;1mSQL (0.0ms)[0m   [0mINSERT INTO schema_migrations (version) VALUES ('20100212184717')[0m
Migrating to CreateWordlists (20100212185014)
  [4;36;1mSQL (2.0ms)[0m   [0;1mCREATE TABLE "wordlists" ("id" INTEGER PRIMARY KEY AUTOINCREMENT NOT NULL, "created_at" datetime, "updated_at" datetime) [0m
  [4;35;1mSQL (1.0ms)[0m   [0mINSERT INTO schema_migrations (version) VALUES ('20100212185014')[0m
Migrating to CreateContexts (20100212192414)
  [4;36;1mSQL (1.0ms)[0m   [0;1mCREATE TABLE "contexts" ("id" INTEGER PRIMARY KEY AUTOINCREMENT NOT NULL, "created_at" datetime, "updated_at" datetime) [0m
  [4;35;1mSQL (1.0ms)[0m   [0mINSERT INTO schema_migrations (version) VALUES ('20100212192414')[0m
  [4;36;1mSQL (0.0ms)[0m   [0;1m SELECT name
 FROM sqlite_master
 WHERE type = 'table' AND NOT name = 'sqlite_sequence'
[0m
  [4;35;1mSQL (0.0ms)[0m   [0mSELECT version FROM schema_migrations[0m
  [4;36;1mSQL (1.0ms)[0m   [0;1m SELECT name
 FROM sqlite_master
 WHERE type = 'table' AND NOT name = 'sqlite_sequence'
[0m
  [4;35;1mSQL (0.0ms)[0m   [0mPRAGMA index_list("contexts")[0m
  [4;36;1mSQL (1.0ms)[0m   [0;1mPRAGMA index_list("users")[0m
  [4;35;1mSQL (0.0ms)[0m   [0mPRAGMA index_info('index_users_on_login')[0m
  [4;36;1mSQL (0.0ms)[0m   [0;1mPRAGMA index_list("wordlists")[0m
  [4;35;1mSQL (0.0ms)[0m   [0mPRAGMA index_list("words")[0m


Processing HomeController#index (for 127.0.0.1 at 2010-02-12 11:59:22) [GET]
Rendering template within layouts/application
Rendering home/index
Completed in 38ms (View: 34, DB: 0) | 200 OK [http://localhost/]


Processing HomeController#index (for 127.0.0.1 at 2010-02-12 11:59:55) [GET]
Rendering template within layouts/application
Rendering home/index
Completed in 9ms (View: 6, DB: 0) | 200 OK [http://localhost/]


Processing HomeController#index (for 127.0.0.1 at 2010-02-12 12:00:01) [GET]
Rendering template within layouts/application
Rendering home/index
Completed in 13ms (View: 10, DB: 0) | 200 OK [http://localhost/]


Processing HomeController#index (for 127.0.0.1 at 2010-02-12 12:01:15) [GET]
Rendering template within layouts/application
Rendering home/index
Completed in 21ms (View: 17, DB: 0) | 200 OK [http://localhost/]


Processing HomeController#index (for 127.0.0.1 at 2010-02-12 12:01:18) [GET]
Rendering template within layouts/application
Rendering home/index
Completed in 10ms (View: 6, DB: 0) | 200 OK [http://localhost/]


Processing HomeController#index (for 127.0.0.1 at 2010-02-12 12:01:42) [GET]
Rendering template within layouts/application
Rendering home/index
Completed in 11ms (View: 7, DB: 0) | 200 OK [http://localhost/]


Processing HomeController#index (for 127.0.0.1 at 2010-02-12 12:02:39) [GET]
Rendering template within layouts/application
Rendering home/index
Completed in 10ms (View: 5, DB: 0) | 200 OK [http://localhost/]


Processing HomeController#index (for 127.0.0.1 at 2010-02-12 12:03:35) [GET]
Rendering template within layouts/application
Rendering home/index
Completed in 27ms (View: 23, DB: 0) | 200 OK [http://localhost/]


Processing HomeController#index (for 127.0.0.1 at 2010-02-12 12:03:56) [GET]
Rendering template within layouts/application
Rendering home/index
Completed in 13ms (View: 6, DB: 0) | 200 OK [http://localhost/]


Processing HomeController#index (for 127.0.0.1 at 2010-02-12 12:04:10) [GET]
Rendering template within layouts/application
Rendering home/index
Completed in 12ms (View: 8, DB: 0) | 200 OK [http://localhost/]


Processing HomeController#index (for 127.0.0.1 at 2010-02-12 12:04:20) [GET]
Rendering template within layouts/application
Rendering home/index
Completed in 14ms (View: 6, DB: 0) | 200 OK [http://localhost/]


Processing HomeController#index (for 127.0.0.1 at 2010-02-12 12:09:28) [GET]
Rendering template within layouts/application
Rendering home/index
Completed in 12ms (View: 8, DB: 0) | 200 OK [http://localhost/]


Processing HomeController#index (for 127.0.0.1 at 2010-02-12 12:09:48) [GET]
Rendering template within layouts/application
Rendering home/index
Completed in 15ms (View: 7, DB: 0) | 200 OK [http://localhost/]


Processing HomeController#index (for 127.0.0.1 at 2010-02-12 12:09:50) [GET]
Rendering template within layouts/application
Rendering home/index
Completed in 19ms (View: 14, DB: 0) | 200 OK [http://localhost/]


Processing HomeController#index (for 127.0.0.1 at 2010-02-12 12:10:39) [GET]
Rendering template within layouts/application
Rendering home/index
Completed in 110ms (View: 106, DB: 0) | 200 OK [http://localhost/]


Processing HomeController#index (for 127.0.0.1 at 2010-02-12 12:12:24) [GET]
Rendering template within layouts/application
Rendering home/index
Completed in 14ms (View: 10, DB: 0) | 200 OK [http://localhost/]


Processing HomeController#index (for 127.0.0.1 at 2010-02-12 12:12:32) [GET]
Rendering template within layouts/application
Rendering home/index
Completed in 10ms (View: 6, DB: 0) | 200 OK [http://localhost/]


Processing HomeController#index (for 127.0.0.1 at 2010-02-12 12:13:09) [GET]
Rendering template within layouts/application
Rendering home/index
Completed in 11ms (View: 7, DB: 0) | 200 OK [http://localhost/]


Processing HomeController#index (for 127.0.0.1 at 2010-02-12 12:13:43) [GET]
Rendering template within layouts/application
Rendering home/index
Completed in 10ms (View: 7, DB: 0) | 200 OK [http://localhost/]


Processing HomeController#index (for 127.0.0.1 at 2010-02-12 12:14:26) [GET]
Rendering template within layouts/application
Rendering home/index
Completed in 11ms (View: 6, DB: 0) | 200 OK [http://localhost/]


Processing HomeController#index (for 127.0.0.1 at 2010-02-12 12:14:54) [GET]
Rendering template within layouts/application
Rendering home/index
Completed in 12ms (View: 7, DB: 0) | 200 OK [http://localhost/]


Processing HomeController#index (for 127.0.0.1 at 2010-02-12 12:15:10) [GET]
Rendering template within layouts/application
Rendering home/index
Completed in 20ms (View: 13, DB: 0) | 200 OK [http://localhost/]


Processing HomeController#index (for 127.0.0.1 at 2010-02-12 12:16:53) [GET]
Rendering template within layouts/application
Rendering home/index
Completed in 36ms (View: 31, DB: 0) | 200 OK [http://localhost/]


Processing HomeController#index (for 127.0.0.1 at 2010-02-12 12:18:51) [GET]
Rendering template within layouts/application
Rendering home/index
Completed in 15ms (View: 11, DB: 0) | 200 OK [http://localhost/]


Processing SearchController#context (for 127.0.0.1 at 2010-02-12 12:18:54) [GET]
  Parameters: {"commit"=>"Search", "word"=>"hello"}
Rendering template within layouts/application
Rendering search/context

ActionView::TemplateError (You have a nil object when you didn't expect it!
You might have expected an instance of Array.
The error occurred while evaluating nil.each) on line #5 of app/views/search/context.html.erb:
2: <%= @query %>
3: </div>
4: <div="contexts">
5: <% for c in @contexts%>
6: 	<%= render :partial => "context", :locals => {:word => @query} %>
7: <% end %>
8: </div>

    app/views/search/context.html.erb:5
    c:/ruby/lib/ruby/1.8/webrick/httpserver.rb:104:in `service'
    c:/ruby/lib/ruby/1.8/webrick/httpserver.rb:65:in `run'
    c:/ruby/lib/ruby/1.8/webrick/server.rb:173:in `start_thread'
    c:/ruby/lib/ruby/1.8/webrick/server.rb:162:in `start'
    c:/ruby/lib/ruby/1.8/webrick/server.rb:162:in `start_thread'
    c:/ruby/lib/ruby/1.8/webrick/server.rb:95:in `start'
    c:/ruby/lib/ruby/1.8/webrick/server.rb:92:in `each'
    c:/ruby/lib/ruby/1.8/webrick/server.rb:92:in `start'
    c:/ruby/lib/ruby/1.8/webrick/server.rb:23:in `start'
    c:/ruby/lib/ruby/1.8/webrick/server.rb:82:in `start'

Rendered rescues/_trace (136.0ms)
Rendered rescues/_request_and_response (6.0ms)
Rendering rescues/layout (internal_server_error)


Processing HomeController#index (for 127.0.0.1 at 2010-02-12 12:19:29) [GET]
Rendering template within layouts/application
Rendering home/index
Completed in 10ms (View: 5, DB: 0) | 200 OK [http://localhost/]


Processing SearchController#context (for 127.0.0.1 at 2010-02-12 12:19:30) [GET]
  Parameters: {"commit"=>"Search", "word"=>"sdf"}
Rendering template within layouts/application
Rendering search/context
Completed in 8ms (View: 4, DB: 0) | 200 OK [http://localhost/search?word=sdf&commit=Search]


Processing HomeController#index (for 127.0.0.1 at 2010-02-12 12:22:41) [GET]
Rendering template within layouts/application
Rendering home/index
Completed in 9ms (View: 5, DB: 0) | 200 OK [http://localhost/]


Processing HomeController#index (for 127.0.0.1 at 2010-02-12 12:23:32) [GET]
Rendering template within layouts/application
Rendering home/index
Completed in 9ms (View: 5, DB: 0) | 200 OK [http://localhost/]


Processing HomeController#index (for 127.0.0.1 at 2010-02-12 12:23:36) [GET]
Rendering template within layouts/application
Rendering home/index
Completed in 10ms (View: 6, DB: 0) | 200 OK [http://localhost/]


Processing HomeController#index (for 127.0.0.1 at 2010-02-12 12:23:48) [GET]
Rendering template within layouts/application
Rendering home/index
Completed in 10ms (View: 7, DB: 0) | 200 OK [http://localhost/]


Processing HomeController#index (for 127.0.0.1 at 2010-02-12 12:24:21) [GET]
Rendering template within layouts/application
Rendering home/index
Completed in 13ms (View: 9, DB: 0) | 200 OK [http://localhost/]


Processing HomeController#index (for 127.0.0.1 at 2010-02-12 12:24:40) [GET]
Rendering template within layouts/application
Rendering home/index
Completed in 13ms (View: 9, DB: 0) | 200 OK [http://localhost/]


Processing HomeController#index (for 127.0.0.1 at 2010-02-12 12:24:45) [GET]
Rendering template within layouts/application
Rendering home/index
Completed in 17ms (View: 12, DB: 0) | 200 OK [http://localhost/]


Processing HomeController#index (for 127.0.0.1 at 2010-02-12 12:24:53) [GET]
Rendering template within layouts/application
Rendering home/index
Completed in 16ms (View: 12, DB: 0) | 200 OK [http://localhost/]


Processing HomeController#index (for 127.0.0.1 at 2010-02-12 12:25:57) [GET]
Rendering template within layouts/application
Rendering home/index
Completed in 11ms (View: 6, DB: 0) | 200 OK [http://localhost/]


Processing HomeController#index (for 127.0.0.1 at 2010-02-12 12:26:09) [GET]
Rendering template within layouts/application
Rendering home/index
Completed in 15ms (View: 6, DB: 0) | 200 OK [http://localhost/]


Processing HomeController#index (for 127.0.0.1 at 2010-02-12 12:26:12) [GET]
Rendering template within layouts/application
Rendering home/index
Completed in 27ms (View: 18, DB: 0) | 200 OK [http://localhost/]


Processing HomeController#index (for 127.0.0.1 at 2010-02-12 12:26:29) [GET]
Rendering template within layouts/application
Rendering home/index
Completed in 14ms (View: 8, DB: 0) | 200 OK [http://localhost/]


Processing HomeController#index (for 127.0.0.1 at 2010-02-12 12:26:32) [GET]
Rendering template within layouts/application
Rendering home/index
Completed in 21ms (View: 14, DB: 0) | 200 OK [http://localhost/]


Processing HomeController#index (for 127.0.0.1 at 2010-02-12 12:27:47) [GET]
Rendering template within layouts/application
Rendering home/index
Completed in 13ms (View: 6, DB: 0) | 200 OK [http://localhost/]


Processing HomeController#index (for 127.0.0.1 at 2010-02-12 12:28:19) [GET]
Rendering template within layouts/application
Rendering home/index
Completed in 10ms (View: 6, DB: 0) | 200 OK [http://localhost/]


Processing HomeController#index (for 127.0.0.1 at 2010-02-12 12:28:20) [GET]
Rendering template within layouts/application
Rendering home/index
Completed in 12ms (View: 8, DB: 0) | 200 OK [http://localhost/]


Processing HomeController#index (for 127.0.0.1 at 2010-02-12 12:28:48) [GET]
Rendering template within layouts/application
Rendering home/index
Completed in 11ms (View: 6, DB: 0) | 200 OK [http://localhost/]


Processing HomeController#index (for 127.0.0.1 at 2010-02-12 12:33:24) [GET]
Rendering template within layouts/application
Rendering home/index
Completed in 21ms (View: 18, DB: 0) | 200 OK [http://localhost/]


Processing HomeController#index (for 127.0.0.1 at 2010-02-12 12:34:07) [GET]
Rendering template within layouts/application
Rendering home/index
Completed in 13ms (View: 9, DB: 0) | 200 OK [http://localhost/]


Processing HomeController#index (for 127.0.0.1 at 2010-02-12 12:35:18) [GET]
Rendering template within layouts/application
Rendering home/index
Completed in 13ms (View: 8, DB: 0) | 200 OK [http://localhost/]


Processing HomeController#index (for 127.0.0.1 at 2010-02-12 12:35:32) [GET]
Rendering template within layouts/application
Rendering home/index
Completed in 15ms (View: 9, DB: 0) | 200 OK [http://localhost/]


Processing HomeController#index (for 127.0.0.1 at 2010-02-12 12:35:33) [GET]
Rendering template within layouts/application
Rendering home/index
Completed in 14ms (View: 9, DB: 0) | 200 OK [http://localhost/]


Processing HomeController#index (for 127.0.0.1 at 2010-02-12 12:35:45) [GET]
Rendering template within layouts/application
Rendering home/index
Completed in 9ms (View: 6, DB: 0) | 200 OK [http://localhost/]


Processing HomeController#index (for 127.0.0.1 at 2010-02-12 12:36:08) [GET]
Rendering template within layouts/application
Rendering home/index
Completed in 27ms (View: 19, DB: 0) | 200 OK [http://localhost/]


Processing HomeController#index (for 127.0.0.1 at 2010-02-12 12:36:18) [GET]
Rendering template within layouts/application
Rendering home/index
Completed in 22ms (View: 15, DB: 0) | 200 OK [http://localhost/]


Processing HomeController#index (for 127.0.0.1 at 2010-02-12 12:36:21) [GET]
Rendering template within layouts/application
Rendering home/index
Completed in 24ms (View: 19, DB: 0) | 200 OK [http://localhost/]


Processing HomeController#index (for 127.0.0.1 at 2010-02-12 12:36:33) [GET]
Rendering template within layouts/application
Rendering home/index
Completed in 30ms (View: 26, DB: 0) | 200 OK [http://localhost/]


Processing HomeController#index (for 127.0.0.1 at 2010-02-12 12:37:20) [GET]
Rendering template within layouts/application
Rendering home/index
Completed in 10ms (View: 5, DB: 0) | 200 OK [http://localhost/]


Processing HomeController#index (for 127.0.0.1 at 2010-02-12 12:39:00) [GET]
Rendering template within layouts/application
Rendering home/index
Completed in 14ms (View: 10, DB: 0) | 200 OK [http://localhost/]


Processing HomeController#index (for 127.0.0.1 at 2010-02-12 12:39:05) [GET]
Rendering template within layouts/application
Rendering home/index
Completed in 9ms (View: 5, DB: 0) | 200 OK [http://localhost/]


Processing HomeController#index (for 127.0.0.1 at 2010-02-12 12:39:13) [GET]
Rendering template within layouts/application
Rendering home/index
Completed in 33ms (View: 29, DB: 0) | 200 OK [http://localhost/]


Processing HomeController#index (for 127.0.0.1 at 2010-02-12 12:39:50) [GET]
Rendering template within layouts/application
Rendering home/index
Completed in 11ms (View: 7, DB: 0) | 200 OK [http://localhost/]


Processing HomeController#index (for 127.0.0.1 at 2010-02-12 12:39:57) [GET]
Rendering template within layouts/application
Rendering home/index
Completed in 9ms (View: 5, DB: 0) | 200 OK [http://localhost/]


Processing HomeController#index (for 127.0.0.1 at 2010-02-12 12:40:21) [GET]
Rendering template within layouts/application
Rendering home/index
Completed in 27ms (View: 18, DB: 0) | 200 OK [http://localhost/]


Processing HomeController#index (for 127.0.0.1 at 2010-02-12 12:40:32) [GET]
Rendering template within layouts/application
Rendering home/index
Completed in 22ms (View: 16, DB: 0) | 200 OK [http://localhost/]


Processing HomeController#index (for 127.0.0.1 at 2010-02-12 12:40:41) [GET]
Rendering template within layouts/application
Rendering home/index
Completed in 9ms (View: 6, DB: 0) | 200 OK [http://localhost/]


Processing HomeController#index (for 127.0.0.1 at 2010-02-12 12:40:53) [GET]
Rendering template within layouts/application
Rendering home/index
Completed in 9ms (View: 5, DB: 0) | 200 OK [http://localhost/]


Processing HomeController#index (for 127.0.0.1 at 2010-02-12 12:41:53) [GET]
Rendering template within layouts/application
Rendering home/index
Completed in 7ms (View: 4, DB: 0) | 200 OK [http://localhost/]


Processing HomeController#index (for 127.0.0.1 at 2010-02-12 12:55:14) [GET]
Rendering template within layouts/application
Rendering home/index
Completed in 16ms (View: 7, DB: 0) | 200 OK [http://localhost/]


Processing HomeController#index (for 127.0.0.1 at 2010-02-12 12:55:42) [GET]
Rendering template within layouts/application
Rendering home/index
Completed in 163ms (View: 11, DB: 0) | 200 OK [http://localhost/]


Processing HomeController#index (for 127.0.0.1 at 2010-02-12 12:56:28) [GET]
Rendering template within layouts/application
Rendering home/index
Completed in 10ms (View: 6, DB: 0) | 200 OK [http://localhost/]


Processing HomeController#index (for 127.0.0.1 at 2010-02-12 12:56:40) [GET]
Rendering template within layouts/application
Rendering home/index
Completed in 11ms (View: 7, DB: 0) | 200 OK [http://localhost/]


Processing HomeController#index (for 127.0.0.1 at 2010-02-12 12:57:08) [GET]
Rendering template within layouts/application
Rendering home/index
Completed in 28ms (View: 20, DB: 0) | 200 OK [http://localhost/]


Processing HomeController#index (for 127.0.0.1 at 2010-02-12 12:57:11) [GET]
Rendering template within layouts/application
Rendering home/index
Completed in 16ms (View: 11, DB: 0) | 200 OK [http://localhost/]


Processing HomeController#index (for 127.0.0.1 at 2010-02-12 12:57:33) [GET]
Rendering template within layouts/application
Rendering home/index
Completed in 23ms (View: 16, DB: 0) | 200 OK [http://localhost/]


Processing HomeController#index (for 127.0.0.1 at 2010-02-12 12:57:55) [GET]
Rendering template within layouts/application
Rendering home/index
Completed in 11ms (View: 6, DB: 0) | 200 OK [http://localhost/]


Processing HomeController#index (for 127.0.0.1 at 2010-02-12 12:58:22) [GET]
Rendering template within layouts/application
Rendering home/index
Completed in 27ms (View: 17, DB: 0) | 200 OK [http://localhost/]


Processing HomeController#index (for 127.0.0.1 at 2010-02-12 12:58:37) [GET]
Rendering template within layouts/application
Rendering home/index
Completed in 29ms (View: 19, DB: 0) | 200 OK [http://localhost/]


Processing HomeController#index (for 127.0.0.1 at 2010-02-12 12:58:39) [GET]
Rendering template within layouts/application
Rendering home/index
Completed in 23ms (View: 11, DB: 0) | 200 OK [http://localhost/]


Processing HomeController#index (for 127.0.0.1 at 2010-02-12 12:59:42) [GET]
Rendering template within layouts/application
Rendering home/index
Completed in 12ms (View: 7, DB: 0) | 200 OK [http://localhost/]


Processing HomeController#index (for 127.0.0.1 at 2010-02-12 12:59:57) [GET]
Rendering template within layouts/application
Rendering home/index
Completed in 28ms (View: 16, DB: 0) | 200 OK [http://localhost/]


Processing HomeController#index (for 127.0.0.1 at 2010-02-12 13:00:36) [GET]
Rendering template within layouts/application
Rendering home/index
Completed in 15ms (View: 11, DB: 0) | 200 OK [http://localhost/]


Processing HomeController#index (for 127.0.0.1 at 2010-02-12 13:00:44) [GET]
Rendering template within layouts/application
Rendering home/index
Completed in 11ms (View: 7, DB: 0) | 200 OK [http://localhost/]


Processing HomeController#index (for 127.0.0.1 at 2010-02-12 13:01:12) [GET]
Rendering template within layouts/application
Rendering home/index
Completed in 37ms (View: 30, DB: 0) | 200 OK [http://localhost/]


Processing HomeController#index (for 127.0.0.1 at 2010-02-12 13:01:22) [GET]
Rendering template within layouts/application
Rendering home/index
Completed in 12ms (View: 6, DB: 0) | 200 OK [http://localhost/]


Processing HomeController#index (for 127.0.0.1 at 2010-02-12 13:02:03) [GET]
Rendering template within layouts/application
Rendering home/index
Completed in 10ms (View: 6, DB: 0) | 200 OK [http://localhost/]


Processing HomeController#index (for 127.0.0.1 at 2010-02-12 13:02:06) [GET]
Rendering template within layouts/application
Rendering home/index
Completed in 10ms (View: 6, DB: 0) | 200 OK [http://localhost/]


Processing HomeController#index (for 127.0.0.1 at 2010-02-12 13:03:11) [GET]
Rendering template within layouts/application
Rendering home/index
Completed in 10ms (View: 5, DB: 0) | 200 OK [http://localhost/]


Processing HomeController#index (for 127.0.0.1 at 2010-02-12 13:03:14) [GET]
Rendering template within layouts/application
Rendering home/index
Completed in 10ms (View: 5, DB: 0) | 200 OK [http://localhost/]


Processing HomeController#index (for 127.0.0.1 at 2010-02-12 13:04:12) [GET]
Rendering template within layouts/application
Rendering home/index
Completed in 9ms (View: 4, DB: 0) | 200 OK [http://localhost/]


Processing HomeController#index (for 127.0.0.1 at 2010-02-12 13:04:15) [GET]
Rendering template within layouts/application
Rendering home/index
Completed in 8ms (View: 4, DB: 0) | 200 OK [http://localhost/]


Processing HomeController#index (for 127.0.0.1 at 2010-02-12 13:04:18) [GET]
Rendering template within layouts/application
Rendering home/index
Completed in 10ms (View: 5, DB: 0) | 200 OK [http://localhost/]


Processing HomeController#index (for 127.0.0.1 at 2010-02-12 13:05:01) [GET]
Rendering template within layouts/application
Rendering home/index
Completed in 14ms (View: 10, DB: 0) | 200 OK [http://localhost/]


Processing HomeController#index (for 127.0.0.1 at 2010-02-12 13:05:03) [GET]
Rendering template within layouts/application
Rendering home/index
Completed in 9ms (View: 5, DB: 0) | 200 OK [http://localhost/]


Processing HomeController#index (for 127.0.0.1 at 2010-02-12 13:05:14) [GET]
Rendering template within layouts/application
Rendering home/index
Completed in 169ms (View: 159, DB: 0) | 200 OK [http://localhost/]


Processing HomeController#index (for 127.0.0.1 at 2010-02-12 13:05:20) [GET]
Rendering template within layouts/application
Rendering home/index
Completed in 22ms (View: 11, DB: 0) | 200 OK [http://localhost/]


Processing HomeController#index (for 127.0.0.1 at 2010-02-12 13:06:38) [GET]
Rendering template within layouts/application
Rendering home/index
Completed in 11ms (View: 5, DB: 0) | 200 OK [http://localhost/]


Processing HomeController#index (for 127.0.0.1 at 2010-02-12 13:07:27) [GET]
Rendering template within layouts/application
Rendering home/index
Completed in 23ms (View: 18, DB: 0) | 200 OK [http://localhost/]


Processing HomeController#index (for 127.0.0.1 at 2010-02-12 13:07:34) [GET]
Rendering template within layouts/application
Rendering home/index
Completed in 9ms (View: 6, DB: 0) | 200 OK [http://localhost/]


Processing HomeController#index (for 127.0.0.1 at 2010-02-12 13:07:52) [GET]
Rendering template within layouts/application
Rendering home/index
Completed in 21ms (View: 15, DB: 0) | 200 OK [http://localhost/]


Processing HomeController#index (for 127.0.0.1 at 2010-02-12 13:08:27) [GET]
Rendering template within layouts/application
Rendering home/index
Completed in 10ms (View: 6, DB: 0) | 200 OK [http://localhost/]


Processing HomeController#index (for 127.0.0.1 at 2010-02-12 13:09:10) [GET]
Rendering template within layouts/application
Rendering home/index
Completed in 11ms (View: 7, DB: 0) | 200 OK [http://localhost/]


Processing HomeController#index (for 127.0.0.1 at 2010-02-12 13:09:54) [GET]
Rendering template within layouts/application
Rendering home/index
Completed in 12ms (View: 5, DB: 0) | 200 OK [http://localhost/]


Processing HomeController#index (for 127.0.0.1 at 2010-02-12 13:10:40) [GET]
Rendering template within layouts/application
Rendering home/index
Completed in 15ms (View: 7, DB: 0) | 200 OK [http://localhost/]


Processing HomeController#index (for 127.0.0.1 at 2010-02-12 13:11:00) [GET]
Rendering template within layouts/application
Rendering home/index
Completed in 20ms (View: 16, DB: 0) | 200 OK [http://localhost/]


Processing HomeController#index (for 127.0.0.1 at 2010-02-12 13:11:24) [GET]
Rendering template within layouts/application
Rendering home/index
Completed in 21ms (View: 10, DB: 0) | 200 OK [http://localhost/]


Processing HomeController#index (for 127.0.0.1 at 2010-02-12 13:11:41) [GET]
Rendering template within layouts/application
Rendering home/index
Completed in 16ms (View: 11, DB: 0) | 200 OK [http://localhost/]


Processing HomeController#index (for 127.0.0.1 at 2010-02-12 13:12:20) [GET]
Rendering template within layouts/application
Rendering home/index
Completed in 42ms (View: 38, DB: 0) | 200 OK [http://localhost/]


Processing SearchController#context (for 127.0.0.1 at 2010-02-12 13:13:40) [GET]
  Parameters: {"commit"=>"Search", "word"=>"yay"}
Rendering template within layouts/application
Rendering search/context
Completed in 10ms (View: 5, DB: 0) | 200 OK [http://localhost/search?word=yay&commit=Search]


Processing HomeController#index (for 127.0.0.1 at 2010-02-12 13:24:46) [GET]
Rendering template within layouts/application
Rendering home/index
Completed in 16ms (View: 6, DB: 0) | 200 OK [http://localhost/]


Processing HomeController#index (for 127.0.0.1 at 2010-02-12 13:27:43) [GET]
Rendering template within layouts/application
Rendering home/index
Completed in 10ms (View: 5, DB: 0) | 200 OK [http://localhost/]


Processing HomeController#index (for 127.0.0.1 at 2010-02-12 13:28:22) [GET]
Rendering template within layouts/application
Rendering home/index
Completed in 11ms (View: 6, DB: 0) | 200 OK [http://localhost/]


Processing SearchController#context (for 127.0.0.1 at 2010-02-12 13:28:25) [GET]
  Parameters: {"commit"=>"Search", "word"=>"legacy"}
Rendering template within layouts/application
Rendering search/context
Rendered search/_context (3.0ms)
Completed in 577ms (View: 36, DB: 0) | 200 OK [http://localhost/search?word=legacy&commit=Search]


Processing HomeController#index (for 127.0.0.1 at 2010-02-12 13:29:25) [GET]
Rendering template within layouts/application
Rendering home/index
Completed in 11ms (View: 6, DB: 0) | 200 OK [http://localhost/]


Processing SearchController#context (for 127.0.0.1 at 2010-02-12 13:29:26) [GET]
  Parameters: {"commit"=>"Search", "word"=>""}


Processing HomeController#index (for 127.0.0.1 at 2010-02-12 13:31:49) [GET]
Rendering template within layouts/application
Rendering home/index
Completed in 281ms (View: 276, DB: 0) | 200 OK [http://localhost/]


Processing SearchController#context (for 127.0.0.1 at 2010-02-12 13:31:53) [GET]
  Parameters: {"commit"=>"Search", "word"=>"legacy"}
Rendering template within layouts/application
Rendering search/context
Rendered search/_context (2.0ms)
Completed in 338ms (View: 48, DB: 0) | 200 OK [http://localhost/search?word=legacy&commit=Search]


Processing SearchController#context (for 127.0.0.1 at 2010-02-12 13:32:33) [GET]
  Parameters: {"commit"=>"Search", "word"=>"legacy"}
Rendering template within layouts/application
Rendering search/context
Rendered search/_context (0.0ms)
Completed in 131ms (View: 4, DB: 0) | 200 OK [http://localhost/search?word=legacy&commit=Search]


Processing SearchController#context (for 127.0.0.1 at 2010-02-12 13:32:46) [GET]
  Parameters: {"commit"=>"Search", "word"=>"legacy"}
Rendering template within layouts/application
Rendering search/context
Rendered search/_context (0.0ms)
Completed in 163ms (View: 5, DB: 0) | 200 OK [http://localhost/search?word=legacy&commit=Search]


Processing SearchController#context (for 127.0.0.1 at 2010-02-12 13:34:18) [GET]
  Parameters: {"commit"=>"Search", "word"=>"legacy"}
Rendering template within layouts/application
Rendering search/context
Rendered search/_context (5.0ms)
Completed in 183ms (View: 18, DB: 0) | 200 OK [http://localhost/search?word=legacy&commit=Search]


Processing SearchController#context (for 127.0.0.1 at 2010-02-12 13:34:36) [GET]
  Parameters: {"commit"=>"Search", "word"=>"legacy"}
Rendering template within layouts/application
Rendering search/context
Rendered search/_context (0.0ms)
Completed in 319ms (View: 5, DB: 0) | 200 OK [http://localhost/search?word=legacy&commit=Search]


Processing SearchController#context (for 127.0.0.1 at 2010-02-12 13:35:26) [GET]
  Parameters: {"commit"=>"Search", "word"=>"legacy"}
Rendering template within layouts/application
Rendering search/context
Rendered search/_context (2.0ms)
Completed in 184ms (View: 47, DB: 0) | 200 OK [http://localhost/search?word=legacy&commit=Search]


Processing SearchController#context (for 127.0.0.1 at 2010-02-12 13:36:19) [GET]
  Parameters: {"commit"=>"Search", "word"=>"legacy"}
Rendering template within layouts/application
Rendering search/context
Rendered search/_context (2.0ms)
Completed in 312ms (View: 21, DB: 0) | 200 OK [http://localhost/search?word=legacy&commit=Search]


Processing SearchController#context (for 127.0.0.1 at 2010-02-12 13:36:34) [GET]
  Parameters: {"commit"=>"Search", "word"=>"legacy"}
Rendering template within layouts/application
Rendering search/context
Rendered search/_context (2.0ms)
Completed in 198ms (View: 16, DB: 0) | 200 OK [http://localhost/search?word=legacy&commit=Search]


Processing SearchController#context (for 127.0.0.1 at 2010-02-12 13:37:07) [GET]
  Parameters: {"commit"=>"Search", "word"=>"legacy"}
Rendering template within layouts/application
Rendering search/context
Rendered search/_context (0.0ms)
Completed in 102ms (View: 4, DB: 0) | 200 OK [http://localhost/search?word=legacy&commit=Search]


Processing SearchController#context (for 127.0.0.1 at 2010-02-12 13:37:26) [GET]
  Parameters: {"commit"=>"Search", "word"=>"legacy"}
Rendering template within layouts/application
Rendering search/context
Rendered search/_context (0.0ms)
Completed in 177ms (View: 7, DB: 0) | 200 OK [http://localhost/search?word=legacy&commit=Search]


Processing SearchController#context (for 127.0.0.1 at 2010-02-12 13:38:19) [GET]
  Parameters: {"commit"=>"Search", "word"=>"legacy"}
Rendering template within layouts/application
Rendering search/context
Rendered search/_context (21.0ms)
Completed in 540ms (View: 36, DB: 0) | 200 OK [http://localhost/search?word=legacy&commit=Search]


Processing SearchController#context (for 127.0.0.1 at 2010-02-12 13:39:21) [GET]
  Parameters: {"commit"=>"Search", "word"=>"legacy"}
Rendering template within layouts/application
Rendering search/context
Rendered search/_context (2.0ms)
Completed in 202ms (View: 24, DB: 0) | 200 OK [http://localhost/search?word=legacy&commit=Search]


Processing SearchController#context (for 127.0.0.1 at 2010-02-12 13:39:42) [GET]
  Parameters: {"commit"=>"Search", "word"=>"legacy"}
Rendering template within layouts/application
Rendering search/context
Rendered search/_context (2.0ms)
Completed in 434ms (View: 24, DB: 0) | 200 OK [http://localhost/search?word=legacy&commit=Search]


Processing SearchController#context (for 127.0.0.1 at 2010-02-12 13:40:07) [GET]
  Parameters: {"commit"=>"Search", "word"=>"legacy"}
Rendering template within layouts/application
Rendering search/context
Rendered search/_context (5.0ms)
Completed in 247ms (View: 26, DB: 0) | 200 OK [http://localhost/search?word=legacy&commit=Search]


Processing SearchController#context (for 127.0.0.1 at 2010-02-12 13:40:21) [GET]
  Parameters: {"commit"=>"Search", "word"=>"legacy"}
Rendering template within layouts/application
Rendering search/context
Rendered search/_context (3.0ms)
Completed in 209ms (View: 27, DB: 0) | 200 OK [http://localhost/search?word=legacy&commit=Search]


Processing SearchController#context (for 127.0.0.1 at 2010-02-12 13:40:53) [GET]
  Parameters: {"commit"=>"Search", "word"=>"legacy"}
Rendering template within layouts/application
Rendering search/context
Rendered search/_context (0.0ms)
Completed in 232ms (View: 7, DB: 0) | 200 OK [http://localhost/search?word=legacy&commit=Search]


Processing HomeController#index (for 127.0.0.1 at 2010-02-12 13:41:17) [GET]
Rendering template within layouts/application
Rendering home/index
Completed in 13ms (View: 8, DB: 0) | 200 OK [http://localhost/]


Processing SearchController#context (for 127.0.0.1 at 2010-02-12 13:41:20) [GET]
  Parameters: {"commit"=>"Search", "word"=>"legacy"}
Rendering template within layouts/application
Rendering search/context
Rendered search/_context (0.0ms)
Completed in 142ms (View: 6, DB: 0) | 200 OK [http://localhost/search?word=legacy&commit=Search]


Processing SearchController#context (for 127.0.0.1 at 2010-02-12 13:41:43) [GET]
  Parameters: {"commit"=>"Search", "word"=>"legacy"}
Rendering template within layouts/application
Rendering search/context
Rendered search/_context (0.0ms)
Completed in 339ms (View: 7, DB: 0) | 200 OK [http://localhost/search?word=legacy&commit=Search]


Processing SearchController#context (for 127.0.0.1 at 2010-02-12 13:42:18) [GET]
  Parameters: {"commit"=>"Search", "word"=>"legacy"}
Rendering template within layouts/application
Rendering search/context
Rendered search/_context (0.0ms)
Completed in 230ms (View: 11, DB: 0) | 200 OK [http://localhost/search?word=legacy&commit=Search]


Processing SearchController#context (for 127.0.0.1 at 2010-02-12 13:42:34) [GET]
  Parameters: {"commit"=>"Search", "word"=>"legacy"}
Rendering template within layouts/application
Rendering search/context
Rendered search/_context (0.0ms)
Completed in 260ms (View: 10, DB: 0) | 200 OK [http://localhost/search?word=legacy&commit=Search]


Processing SearchController#context (for 127.0.0.1 at 2010-02-12 13:42:39) [GET]
  Parameters: {"commit"=>"Search", "word"=>"legacy"}
Rendering template within layouts/application
Rendering search/context
Rendered search/_context (0.0ms)
Completed in 428ms (View: 6, DB: 0) | 200 OK [http://localhost/search?word=legacy&commit=Search]


Processing SearchController#context (for 127.0.0.1 at 2010-02-12 13:44:00) [GET]
  Parameters: {"commit"=>"Search", "word"=>"legacy"}
Rendering template within layouts/application
Rendering search/context
Rendered search/_context (0.0ms)
Completed in 216ms (View: 7, DB: 0) | 200 OK [http://localhost/search?word=legacy&commit=Search]


Processing SearchController#context (for 127.0.0.1 at 2010-02-12 13:44:04) [GET]
  Parameters: {"commit"=>"Search", "word"=>"legacy"}
Rendering template within layouts/application
Rendering search/context
Rendered search/_context (0.0ms)
Completed in 350ms (View: 10, DB: 0) | 200 OK [http://localhost/search?word=legacy&commit=Search]


Processing SearchController#context (for 127.0.0.1 at 2010-02-12 13:46:55) [GET]
  Parameters: {"commit"=>"Search", "word"=>"legacy"}
Rendering template within layouts/application
Rendering search/context
Rendered search/_context (0.0ms)
Completed in 189ms (View: 6, DB: 0) | 200 OK [http://localhost/search?word=legacy&commit=Search]


Processing SearchController#context (for 127.0.0.1 at 2010-02-12 13:46:58) [GET]
  Parameters: {"commit"=>"Search", "word"=>"legacy"}
Rendering template within layouts/application
Rendering search/context
Rendered search/_context (1.0ms)
Completed in 263ms (View: 11, DB: 0) | 200 OK [http://localhost/search?word=legacy&commit=Search]


Processing SearchController#context (for 127.0.0.1 at 2010-02-12 13:47:08) [GET]
  Parameters: {"commit"=>"Search", "word"=>"legacy"}
Rendering template within layouts/application
Rendering search/context
Rendered search/_context (0.0ms)
Completed in 141ms (View: 6, DB: 0) | 200 OK [http://localhost/search?word=legacy&commit=Search]


Processing SearchController#context (for 127.0.0.1 at 2010-02-12 13:47:40) [GET]
  Parameters: {"commit"=>"Search", "word"=>"legacy"}
Rendering template within layouts/application
Rendering search/context
Rendered search/_context (0.0ms)
Completed in 212ms (View: 6, DB: 0) | 200 OK [http://localhost/search?word=legacy&commit=Search]


Processing SearchController#context (for 127.0.0.1 at 2010-02-12 13:47:43) [GET]
  Parameters: {"commit"=>"Search", "word"=>"legacy"}
Rendering template within layouts/application
Rendering search/context
Rendered search/_context (0.0ms)
Completed in 145ms (View: 6, DB: 0) | 200 OK [http://localhost/search?word=legacy&commit=Search]
